The system is: Darwin - 19.6.0 - x86_64
Compiling the C compiler identification source file "CMakeCCompilerId.c" succeeded.
Compiler: /opt/local/bin/gcc-mp-10 
Build flags: 
Id flags:  

The output was:
0


Compilation of the C compiler identification source "CMakeCCompilerId.c" produced "a.out"

The C compiler identification is GNU, found in "/Users/omrikaisari/CLionProjects/Assembler/cmake-build-debug-system/CMakeFiles/3.17.3/CompilerIdC/a.out"

Determining if the C compiler works passed with the following output:
Change Dir: /Users/omrikaisari/CLionProjects/Assembler/cmake-build-debug-system/CMakeFiles/CMakeTmp

Run Build Command(s):/usr/bin/make cmTC_af4ef/fast && /Library/Developer/CommandLineTools/usr/bin/make  -f CMakeFiles/cmTC_af4ef.dir/build.make CMakeFiles/cmTC_af4ef.dir/build
Building C object CMakeFiles/cmTC_af4ef.dir/testCCompiler.c.o
/opt/local/bin/gcc-mp-10   -isysroot /Library/Developer/CommandLineTools/SDKs/MacOSX10.15.sdk   -o CMakeFiles/cmTC_af4ef.dir/testCCompiler.c.o   -c /Users/omrikaisari/CLionProjects/Assembler/cmake-build-debug-system/CMakeFiles/CMakeTmp/testCCompiler.c
Linking C executable cmTC_af4ef
"/Users/omrikaisari/Library/Application Support/JetBrains/Toolbox/apps/CLion/ch-0/202.6397.106/CLion.app/Contents/bin/cmake/mac/bin/cmake" -E cmake_link_script CMakeFiles/cmTC_af4ef.dir/link.txt --verbose=1
/opt/local/bin/gcc-mp-10   -isysroot /Library/Developer/CommandLineTools/SDKs/MacOSX10.15.sdk -Wl,-search_paths_first -Wl,-headerpad_max_install_names   CMakeFiles/cmTC_af4ef.dir/testCCompiler.c.o  -o cmTC_af4ef 



Detecting C compiler ABI info compiled with the following output:
Change Dir: /Users/omrikaisari/CLionProjects/Assembler/cmake-build-debug-system/CMakeFiles/CMakeTmp

Run Build Command(s):/usr/bin/make cmTC_bb1c5/fast && /Library/Developer/CommandLineTools/usr/bin/make  -f CMakeFiles/cmTC_bb1c5.dir/build.make CMakeFiles/cmTC_bb1c5.dir/build
Building C object CMakeFiles/cmTC_bb1c5.dir/CMakeCCompilerABI.c.o
/opt/local/bin/gcc-mp-10   -isysroot /Library/Developer/CommandLineTools/SDKs/MacOSX10.15.sdk   -v -Wl,-v -o CMakeFiles/cmTC_bb1c5.dir/CMakeCCompilerABI.c.o   -c "/Users/omrikaisari/Library/Application Support/JetBrains/Toolbox/apps/CLion/ch-0/202.6397.106/CLion.app/Contents/bin/cmake/mac/share/cmake-3.17/Modules/CMakeCCompilerABI.c"
Using built-in specs.
COLLECT_GCC=/opt/local/bin/gcc-mp-10
Target: x86_64-apple-darwin19
Configured with: /opt/local/var/macports/build/_opt_bblocal_var_buildworker_ports_build_ports_lang_gcc10/gcc10/work/gcc-10.2.0/configure --prefix=/opt/local --build=x86_64-apple-darwin19 --enable-languages=c,c++,objc,obj-c++,lto,fortran --libdir=/opt/local/lib/gcc10 --includedir=/opt/local/include/gcc10 --infodir=/opt/local/share/info --mandir=/opt/local/share/man --datarootdir=/opt/local/share/gcc-10 --with-local-prefix=/opt/local --with-system-zlib --disable-nls --program-suffix=-mp-10 --with-gxx-include-dir=/opt/local/include/gcc10/c++/ --with-gmp=/opt/local --with-mpfr=/opt/local --with-mpc=/opt/local --with-isl=/opt/local --enable-stage1-checking --disable-multilib --enable-lto --enable-libstdcxx-time --with-build-config=bootstrap-debug --with-as=/opt/local/bin/as --with-ld=/opt/local/bin/ld --with-ar=/opt/local/bin/ar --with-bugurl=https://trac.macports.org/newticket --disable-tls --with-pkgversion='MacPorts gcc10 10.2.0_0' --with-sysroot=/Library/Developer/CommandLineTools/SDKs/MacOSX10.15.sdk
Thread model: posix
Supported LTO compression algorithms: zlib
gcc version 10.2.0 (MacPorts gcc10 10.2.0_0) 
COLLECT_GCC_OPTIONS='-isysroot' '/Library/Developer/CommandLineTools/SDKs/MacOSX10.15.sdk' '-v' '-o' 'CMakeFiles/cmTC_bb1c5.dir/CMakeCCompilerABI.c.o' '-c' '-mmacosx-version-min=10.15.0' '-asm_macosx_version_min=10.15' '-mtune=core2'
 /opt/local/libexec/gcc/x86_64-apple-darwin19/10.2.0/cc1 -quiet -v -D__DYNAMIC__ -isysroot /Library/Developer/CommandLineTools/SDKs/MacOSX10.15.sdk /Users/omrikaisari/Library/Application Support/JetBrains/Toolbox/apps/CLion/ch-0/202.6397.106/CLion.app/Contents/bin/cmake/mac/share/cmake-3.17/Modules/CMakeCCompilerABI.c -fPIC -quiet -dumpbase CMakeCCompilerABI.c -mmacosx-version-min=10.15.0 -mtune=core2 -auxbase-strip CMakeFiles/cmTC_bb1c5.dir/CMakeCCompilerABI.c.o -version -o /var/folders/9j/djpdvry935v921sh_6hf7j9w0000gn/T//ccehCOKP.s
GNU C17 (MacPorts gcc10 10.2.0_0) version 10.2.0 (x86_64-apple-darwin19)
	compiled by GNU C version 10.2.0, GMP version 6.2.0, MPFR version 4.0.2, MPC version 1.1.0, isl version isl-0.22.1-GMP

GGC heuristics: --param ggc-min-expand=100 --param ggc-min-heapsize=131072
ignoring nonexistent directory "/Library/Developer/CommandLineTools/SDKs/MacOSX10.15.sdk/opt/local/include"
ignoring nonexistent directory "/opt/local/lib/gcc10/gcc/x86_64-apple-darwin19/10.2.0/../../../../../x86_64-apple-darwin19/include"
ignoring nonexistent directory "/Library/Developer/CommandLineTools/SDKs/MacOSX10.15.sdk/Library/Frameworks"
#include "..." search starts here:
#include <...> search starts here:
 /opt/local/lib/gcc10/gcc/x86_64-apple-darwin19/10.2.0/include
 /opt/local/lib/gcc10/gcc/x86_64-apple-darwin19/10.2.0/include-fixed
 /Library/Developer/CommandLineTools/SDKs/MacOSX10.15.sdk/usr/include
 /Library/Developer/CommandLineTools/SDKs/MacOSX10.15.sdk/System/Library/Frameworks
End of search list.
GNU C17 (MacPorts gcc10 10.2.0_0) version 10.2.0 (x86_64-apple-darwin19)
	compiled by GNU C version 10.2.0, GMP version 6.2.0, MPFR version 4.0.2, MPC version 1.1.0, isl version isl-0.22.1-GMP

GGC heuristics: --param ggc-min-expand=100 --param ggc-min-heapsize=131072
Compiler executable checksum: f75eb0a6f852f1e3a3806a09097a6e90
COLLECT_GCC_OPTIONS='-isysroot' '/Library/Developer/CommandLineTools/SDKs/MacOSX10.15.sdk' '-v' '-o' 'CMakeFiles/cmTC_bb1c5.dir/CMakeCCompilerABI.c.o' '-c' '-mmacosx-version-min=10.15.0'  '-mtune=core2'
 /opt/local/bin/as -arch x86_64 -v -force_cpusubtype_ALL -mmacosx-version-min=10.15 -o CMakeFiles/cmTC_bb1c5.dir/CMakeCCompilerABI.c.o /var/folders/9j/djpdvry935v921sh_6hf7j9w0000gn/T//ccehCOKP.s
Apple clang version 12.0.0 (clang-1200.0.26.2)
Target: x86_64-apple-darwin19.6.0
Thread model: posix
InstalledDir: /Library/Developer/CommandLineTools/usr/bin
 "/Library/Developer/CommandLineTools/usr/bin/clang" -cc1as -triple x86_64-apple-macosx10.15.0 -filetype obj -main-file-name ccehCOKP.s -target-cpu penryn -fdebug-compilation-dir /Users/omrikaisari/CLionProjects/Assembler/cmake-build-debug-system/CMakeFiles/CMakeTmp -dwarf-debug-producer "Apple clang version 12.0.0 (clang-1200.0.26.2)" -dwarf-version=4 -mrelocation-model pic -o CMakeFiles/cmTC_bb1c5.dir/CMakeCCompilerABI.c.o /var/folders/9j/djpdvry935v921sh_6hf7j9w0000gn/T//ccehCOKP.s
COMPILER_PATH=/opt/local/libexec/gcc/x86_64-apple-darwin19/10.2.0/:/opt/local/libexec/gcc/x86_64-apple-darwin19/10.2.0/:/opt/local/libexec/gcc/x86_64-apple-darwin19/:/opt/local/lib/gcc10/gcc/x86_64-apple-darwin19/10.2.0/:/opt/local/lib/gcc10/gcc/x86_64-apple-darwin19/
LIBRARY_PATH=/opt/local/lib/gcc10/gcc/x86_64-apple-darwin19/10.2.0/:/opt/local/lib/gcc10/gcc/x86_64-apple-darwin19/10.2.0/../../../
COLLECT_GCC_OPTIONS='-isysroot' '/Library/Developer/CommandLineTools/SDKs/MacOSX10.15.sdk' '-v' '-o' 'CMakeFiles/cmTC_bb1c5.dir/CMakeCCompilerABI.c.o' '-c' '-mmacosx-version-min=10.15.0'  '-mtune=core2'
Linking C executable cmTC_bb1c5
"/Users/omrikaisari/Library/Application Support/JetBrains/Toolbox/apps/CLion/ch-0/202.6397.106/CLion.app/Contents/bin/cmake/mac/bin/cmake" -E cmake_link_script CMakeFiles/cmTC_bb1c5.dir/link.txt --verbose=1
/opt/local/bin/gcc-mp-10   -isysroot /Library/Developer/CommandLineTools/SDKs/MacOSX10.15.sdk -Wl,-search_paths_first -Wl,-headerpad_max_install_names  -v -Wl,-v CMakeFiles/cmTC_bb1c5.dir/CMakeCCompilerABI.c.o  -o cmTC_bb1c5 
Using built-in specs.
COLLECT_GCC=/opt/local/bin/gcc-mp-10
COLLECT_LTO_WRAPPER=/opt/local/libexec/gcc/x86_64-apple-darwin19/10.2.0/lto-wrapper
Target: x86_64-apple-darwin19
Configured with: /opt/local/var/macports/build/_opt_bblocal_var_buildworker_ports_build_ports_lang_gcc10/gcc10/work/gcc-10.2.0/configure --prefix=/opt/local --build=x86_64-apple-darwin19 --enable-languages=c,c++,objc,obj-c++,lto,fortran --libdir=/opt/local/lib/gcc10 --includedir=/opt/local/include/gcc10 --infodir=/opt/local/share/info --mandir=/opt/local/share/man --datarootdir=/opt/local/share/gcc-10 --with-local-prefix=/opt/local --with-system-zlib --disable-nls --program-suffix=-mp-10 --with-gxx-include-dir=/opt/local/include/gcc10/c++/ --with-gmp=/opt/local --with-mpfr=/opt/local --with-mpc=/opt/local --with-isl=/opt/local --enable-stage1-checking --disable-multilib --enable-lto --enable-libstdcxx-time --with-build-config=bootstrap-debug --with-as=/opt/local/bin/as --with-ld=/opt/local/bin/ld --with-ar=/opt/local/bin/ar --with-bugurl=https://trac.macports.org/newticket --disable-tls --with-pkgversion='MacPorts gcc10 10.2.0_0' --with-sysroot=/Library/Developer/CommandLineTools/SDKs/MacOSX10.15.sdk
Thread model: posix
Supported LTO compression algorithms: zlib
gcc version 10.2.0 (MacPorts gcc10 10.2.0_0) 
COMPILER_PATH=/opt/local/libexec/gcc/x86_64-apple-darwin19/10.2.0/:/opt/local/libexec/gcc/x86_64-apple-darwin19/10.2.0/:/opt/local/libexec/gcc/x86_64-apple-darwin19/:/opt/local/lib/gcc10/gcc/x86_64-apple-darwin19/10.2.0/:/opt/local/lib/gcc10/gcc/x86_64-apple-darwin19/
LIBRARY_PATH=/opt/local/lib/gcc10/gcc/x86_64-apple-darwin19/10.2.0/:/opt/local/lib/gcc10/gcc/x86_64-apple-darwin19/10.2.0/../../../
COLLECT_GCC_OPTIONS='-isysroot' '/Library/Developer/CommandLineTools/SDKs/MacOSX10.15.sdk' '-v' '-o' 'cmTC_bb1c5' '-mmacosx-version-min=10.15.0' '-asm_macosx_version_min=10.15' '-mtune=core2'
 /opt/local/libexec/gcc/x86_64-apple-darwin19/10.2.0/collect2 -dynamic -arch x86_64 -macosx_version_min 10.15.0 -syslibroot /Library/Developer/CommandLineTools/SDKs/MacOSX10.15.sdk -weak_reference_mismatches non-weak -o cmTC_bb1c5 -L/opt/local/lib/gcc10/gcc/x86_64-apple-darwin19/10.2.0 -L/opt/local/lib/gcc10/gcc/x86_64-apple-darwin19/10.2.0/../../.. -search_paths_first -headerpad_max_install_names -v CMakeFiles/cmTC_bb1c5.dir/CMakeCCompilerABI.c.o -lSystem -lgcc_ext.10.5 -lgcc -lSystem -no_compact_unwind -v
collect2 version 10.2.0
/opt/local/bin/ld -dynamic -arch x86_64 -macosx_version_min 10.15.0 -syslibroot /Library/Developer/CommandLineTools/SDKs/MacOSX10.15.sdk -weak_reference_mismatches non-weak -o cmTC_bb1c5 -L/opt/local/lib/gcc10/gcc/x86_64-apple-darwin19/10.2.0 -L/opt/local/lib/gcc10/gcc/x86_64-apple-darwin19/10.2.0/../../.. -search_paths_first -headerpad_max_install_names -v CMakeFiles/cmTC_bb1c5.dir/CMakeCCompilerABI.c.o -lSystem -lgcc_ext.10.5 -lgcc -lSystem -no_compact_unwind -v
@(#)PROGRAM:ld  PROJECT:ld64-607.2
BUILD 04:30:50 Jul 14 2020
configured to support archs: armv6 armv7 armv7s arm64 arm64e arm64_32 i386 x86_64 x86_64h armv6m armv7k armv7m armv7em
@(#)PROGRAM:ld  PROJECT:ld64-607.2
BUILD 04:30:50 Jul 14 2020
configured to support archs: armv6 armv7 armv7s arm64 arm64e arm64_32 i386 x86_64 x86_64h armv6m armv7k armv7m armv7em
Library search paths:
	/opt/local/lib/gcc10/gcc/x86_64-apple-darwin19/10.2.0
	/opt/local/lib/gcc10
	/Library/Developer/CommandLineTools/SDKs/MacOSX10.15.sdk/usr/lib
Framework search paths:
	/Library/Developer/CommandLineTools/SDKs/MacOSX10.15.sdk/System/Library/Frameworks/



Parsed C implicit include dir info from above output: rv=done
  found start of include info
  found start of implicit include info
    add: [/opt/local/lib/gcc10/gcc/x86_64-apple-darwin19/10.2.0/include]
    add: [/opt/local/lib/gcc10/gcc/x86_64-apple-darwin19/10.2.0/include-fixed]
    add: [/Library/Developer/CommandLineTools/SDKs/MacOSX10.15.sdk/usr/include]
    add: [/Library/Developer/CommandLineTools/SDKs/MacOSX10.15.sdk/System/Library/Frameworks]
  end of search list found
  collapse include dir [/opt/local/lib/gcc10/gcc/x86_64-apple-darwin19/10.2.0/include] ==> [/opt/local/lib/gcc10/gcc/x86_64-apple-darwin19/10.2.0/include]
  collapse include dir [/opt/local/lib/gcc10/gcc/x86_64-apple-darwin19/10.2.0/include-fixed] ==> [/opt/local/lib/gcc10/gcc/x86_64-apple-darwin19/10.2.0/include-fixed]
  collapse include dir [/Library/Developer/CommandLineTools/SDKs/MacOSX10.15.sdk/usr/include] ==> [/Library/Developer/CommandLineTools/SDKs/MacOSX10.15.sdk/usr/include]
  collapse include dir [/Library/Developer/CommandLineTools/SDKs/MacOSX10.15.sdk/System/Library/Frameworks] ==> [/Library/Developer/CommandLineTools/SDKs/MacOSX10.15.sdk/System/Library/Frameworks]
  implicit include dirs: [/opt/local/lib/gcc10/gcc/x86_64-apple-darwin19/10.2.0/include;/opt/local/lib/gcc10/gcc/x86_64-apple-darwin19/10.2.0/include-fixed;/Library/Developer/CommandLineTools/SDKs/MacOSX10.15.sdk/usr/include;/Library/Developer/CommandLineTools/SDKs/MacOSX10.15.sdk/System/Library/Frameworks]


Parsed C implicit link information from above output:
  link line regex: [^( *|.*[/\])(ld|CMAKE_LINK_STARTFILE-NOTFOUND|([^/\]+-)?ld|collect2)[^/\]*( |$)]
  ignore line: [Change Dir: /Users/omrikaisari/CLionProjects/Assembler/cmake-build-debug-system/CMakeFiles/CMakeTmp]
  ignore line: []
  ignore line: [Run Build Command(s):/usr/bin/make cmTC_bb1c5/fast && /Library/Developer/CommandLineTools/usr/bin/make  -f CMakeFiles/cmTC_bb1c5.dir/build.make CMakeFiles/cmTC_bb1c5.dir/build]
  ignore line: [Building C object CMakeFiles/cmTC_bb1c5.dir/CMakeCCompilerABI.c.o]
  ignore line: [/opt/local/bin/gcc-mp-10   -isysroot /Library/Developer/CommandLineTools/SDKs/MacOSX10.15.sdk   -v -Wl -v -o CMakeFiles/cmTC_bb1c5.dir/CMakeCCompilerABI.c.o   -c "/Users/omrikaisari/Library/Application Support/JetBrains/Toolbox/apps/CLion/ch-0/202.6397.106/CLion.app/Contents/bin/cmake/mac/share/cmake-3.17/Modules/CMakeCCompilerABI.c"]
  ignore line: [Using built-in specs.]
  ignore line: [COLLECT_GCC=/opt/local/bin/gcc-mp-10]
  ignore line: [Target: x86_64-apple-darwin19]
  ignore line: [Configured with: /opt/local/var/macports/build/_opt_bblocal_var_buildworker_ports_build_ports_lang_gcc10/gcc10/work/gcc-10.2.0/configure --prefix=/opt/local --build=x86_64-apple-darwin19 --enable-languages=c,c++,objc,obj-c++,lto,fortran --libdir=/opt/local/lib/gcc10 --includedir=/opt/local/include/gcc10 --infodir=/opt/local/share/info --mandir=/opt/local/share/man --datarootdir=/opt/local/share/gcc-10 --with-local-prefix=/opt/local --with-system-zlib --disable-nls --program-suffix=-mp-10 --with-gxx-include-dir=/opt/local/include/gcc10/c++/ --with-gmp=/opt/local --with-mpfr=/opt/local --with-mpc=/opt/local --with-isl=/opt/local --enable-stage1-checking --disable-multilib --enable-lto --enable-libstdcxx-time --with-build-config=bootstrap-debug --with-as=/opt/local/bin/as --with-ld=/opt/local/bin/ld --with-ar=/opt/local/bin/ar --with-bugurl=https://trac.macports.org/newticket --disable-tls --with-pkgversion='MacPorts gcc10 10.2.0_0' --with-sysroot=/Library/Developer/CommandLineTools/SDKs/MacOSX10.15.sdk]
  ignore line: [Thread model: posix]
  ignore line: [Supported LTO compression algorithms: zlib]
  ignore line: [gcc version 10.2.0 (MacPorts gcc10 10.2.0_0) ]
  ignore line: [COLLECT_GCC_OPTIONS='-isysroot' '/Library/Developer/CommandLineTools/SDKs/MacOSX10.15.sdk' '-v' '-o' 'CMakeFiles/cmTC_bb1c5.dir/CMakeCCompilerABI.c.o' '-c' '-mmacosx-version-min=10.15.0' '-asm_macosx_version_min=10.15' '-mtune=core2']
  ignore line: [ /opt/local/libexec/gcc/x86_64-apple-darwin19/10.2.0/cc1 -quiet -v -D__DYNAMIC__ -isysroot /Library/Developer/CommandLineTools/SDKs/MacOSX10.15.sdk /Users/omrikaisari/Library/Application Support/JetBrains/Toolbox/apps/CLion/ch-0/202.6397.106/CLion.app/Contents/bin/cmake/mac/share/cmake-3.17/Modules/CMakeCCompilerABI.c -fPIC -quiet -dumpbase CMakeCCompilerABI.c -mmacosx-version-min=10.15.0 -mtune=core2 -auxbase-strip CMakeFiles/cmTC_bb1c5.dir/CMakeCCompilerABI.c.o -version -o /var/folders/9j/djpdvry935v921sh_6hf7j9w0000gn/T//ccehCOKP.s]
  ignore line: [GNU C17 (MacPorts gcc10 10.2.0_0) version 10.2.0 (x86_64-apple-darwin19)]
  ignore line: [	compiled by GNU C version 10.2.0  GMP version 6.2.0  MPFR version 4.0.2  MPC version 1.1.0  isl version isl-0.22.1-GMP]
  ignore line: []
  ignore line: [GGC heuristics: --param ggc-min-expand=100 --param ggc-min-heapsize=131072]
  ignore line: [ignoring nonexistent directory "/Library/Developer/CommandLineTools/SDKs/MacOSX10.15.sdk/opt/local/include"]
  ignore line: [ignoring nonexistent directory "/opt/local/lib/gcc10/gcc/x86_64-apple-darwin19/10.2.0/../../../../../x86_64-apple-darwin19/include"]
  ignore line: [ignoring nonexistent directory "/Library/Developer/CommandLineTools/SDKs/MacOSX10.15.sdk/Library/Frameworks"]
  ignore line: [#include "..." search starts here:]
  ignore line: [#include <...> search starts here:]
  ignore line: [ /opt/local/lib/gcc10/gcc/x86_64-apple-darwin19/10.2.0/include]
  ignore line: [ /opt/local/lib/gcc10/gcc/x86_64-apple-darwin19/10.2.0/include-fixed]
  ignore line: [ /Library/Developer/CommandLineTools/SDKs/MacOSX10.15.sdk/usr/include]
  ignore line: [ /Library/Developer/CommandLineTools/SDKs/MacOSX10.15.sdk/System/Library/Frameworks]
  ignore line: [End of search list.]
  ignore line: [GNU C17 (MacPorts gcc10 10.2.0_0) version 10.2.0 (x86_64-apple-darwin19)]
  ignore line: [	compiled by GNU C version 10.2.0  GMP version 6.2.0  MPFR version 4.0.2  MPC version 1.1.0  isl version isl-0.22.1-GMP]
  ignore line: []
  ignore line: [GGC heuristics: --param ggc-min-expand=100 --param ggc-min-heapsize=131072]
  ignore line: [Compiler executable checksum: f75eb0a6f852f1e3a3806a09097a6e90]
  ignore line: [COLLECT_GCC_OPTIONS='-isysroot' '/Library/Developer/CommandLineTools/SDKs/MacOSX10.15.sdk' '-v' '-o' 'CMakeFiles/cmTC_bb1c5.dir/CMakeCCompilerABI.c.o' '-c' '-mmacosx-version-min=10.15.0'  '-mtune=core2']
  ignore line: [ /opt/local/bin/as -arch x86_64 -v -force_cpusubtype_ALL -mmacosx-version-min=10.15 -o CMakeFiles/cmTC_bb1c5.dir/CMakeCCompilerABI.c.o /var/folders/9j/djpdvry935v921sh_6hf7j9w0000gn/T//ccehCOKP.s]
  ignore line: [Apple clang version 12.0.0 (clang-1200.0.26.2)]
  ignore line: [Target: x86_64-apple-darwin19.6.0]
  ignore line: [Thread model: posix]
  ignore line: [InstalledDir: /Library/Developer/CommandLineTools/usr/bin]
  ignore line: [ "/Library/Developer/CommandLineTools/usr/bin/clang" -cc1as -triple x86_64-apple-macosx10.15.0 -filetype obj -main-file-name ccehCOKP.s -target-cpu penryn -fdebug-compilation-dir /Users/omrikaisari/CLionProjects/Assembler/cmake-build-debug-system/CMakeFiles/CMakeTmp -dwarf-debug-producer "Apple clang version 12.0.0 (clang-1200.0.26.2)" -dwarf-version=4 -mrelocation-model pic -o CMakeFiles/cmTC_bb1c5.dir/CMakeCCompilerABI.c.o /var/folders/9j/djpdvry935v921sh_6hf7j9w0000gn/T//ccehCOKP.s]
  ignore line: [COMPILER_PATH=/opt/local/libexec/gcc/x86_64-apple-darwin19/10.2.0/:/opt/local/libexec/gcc/x86_64-apple-darwin19/10.2.0/:/opt/local/libexec/gcc/x86_64-apple-darwin19/:/opt/local/lib/gcc10/gcc/x86_64-apple-darwin19/10.2.0/:/opt/local/lib/gcc10/gcc/x86_64-apple-darwin19/]
  ignore line: [LIBRARY_PATH=/opt/local/lib/gcc10/gcc/x86_64-apple-darwin19/10.2.0/:/opt/local/lib/gcc10/gcc/x86_64-apple-darwin19/10.2.0/../../../]
  ignore line: [COLLECT_GCC_OPTIONS='-isysroot' '/Library/Developer/CommandLineTools/SDKs/MacOSX10.15.sdk' '-v' '-o' 'CMakeFiles/cmTC_bb1c5.dir/CMakeCCompilerABI.c.o' '-c' '-mmacosx-version-min=10.15.0'  '-mtune=core2']
  ignore line: [Linking C executable cmTC_bb1c5]
  ignore line: ["/Users/omrikaisari/Library/Application Support/JetBrains/Toolbox/apps/CLion/ch-0/202.6397.106/CLion.app/Contents/bin/cmake/mac/bin/cmake" -E cmake_link_script CMakeFiles/cmTC_bb1c5.dir/link.txt --verbose=1]
  ignore line: [/opt/local/bin/gcc-mp-10   -isysroot /Library/Developer/CommandLineTools/SDKs/MacOSX10.15.sdk -Wl -search_paths_first -Wl -headerpad_max_install_names  -v -Wl -v CMakeFiles/cmTC_bb1c5.dir/CMakeCCompilerABI.c.o  -o cmTC_bb1c5 ]
  ignore line: [Using built-in specs.]
  ignore line: [COLLECT_GCC=/opt/local/bin/gcc-mp-10]
  ignore line: [COLLECT_LTO_WRAPPER=/opt/local/libexec/gcc/x86_64-apple-darwin19/10.2.0/lto-wrapper]
  ignore line: [Target: x86_64-apple-darwin19]
  ignore line: [Configured with: /opt/local/var/macports/build/_opt_bblocal_var_buildworker_ports_build_ports_lang_gcc10/gcc10/work/gcc-10.2.0/configure --prefix=/opt/local --build=x86_64-apple-darwin19 --enable-languages=c,c++,objc,obj-c++,lto,fortran --libdir=/opt/local/lib/gcc10 --includedir=/opt/local/include/gcc10 --infodir=/opt/local/share/info --mandir=/opt/local/share/man --datarootdir=/opt/local/share/gcc-10 --with-local-prefix=/opt/local --with-system-zlib --disable-nls --program-suffix=-mp-10 --with-gxx-include-dir=/opt/local/include/gcc10/c++/ --with-gmp=/opt/local --with-mpfr=/opt/local --with-mpc=/opt/local --with-isl=/opt/local --enable-stage1-checking --disable-multilib --enable-lto --enable-libstdcxx-time --with-build-config=bootstrap-debug --with-as=/opt/local/bin/as --with-ld=/opt/local/bin/ld --with-ar=/opt/local/bin/ar --with-bugurl=https://trac.macports.org/newticket --disable-tls --with-pkgversion='MacPorts gcc10 10.2.0_0' --with-sysroot=/Library/Developer/CommandLineTools/SDKs/MacOSX10.15.sdk]
  ignore line: [Thread model: posix]
  ignore line: [Supported LTO compression algorithms: zlib]
  ignore line: [gcc version 10.2.0 (MacPorts gcc10 10.2.0_0) ]
  ignore line: [COMPILER_PATH=/opt/local/libexec/gcc/x86_64-apple-darwin19/10.2.0/:/opt/local/libexec/gcc/x86_64-apple-darwin19/10.2.0/:/opt/local/libexec/gcc/x86_64-apple-darwin19/:/opt/local/lib/gcc10/gcc/x86_64-apple-darwin19/10.2.0/:/opt/local/lib/gcc10/gcc/x86_64-apple-darwin19/]
  ignore line: [LIBRARY_PATH=/opt/local/lib/gcc10/gcc/x86_64-apple-darwin19/10.2.0/:/opt/local/lib/gcc10/gcc/x86_64-apple-darwin19/10.2.0/../../../]
  ignore line: [COLLECT_GCC_OPTIONS='-isysroot' '/Library/Developer/CommandLineTools/SDKs/MacOSX10.15.sdk' '-v' '-o' 'cmTC_bb1c5' '-mmacosx-version-min=10.15.0' '-asm_macosx_version_min=10.15' '-mtune=core2']
  link line: [ /opt/local/libexec/gcc/x86_64-apple-darwin19/10.2.0/collect2 -dynamic -arch x86_64 -macosx_version_min 10.15.0 -syslibroot /Library/Developer/CommandLineTools/SDKs/MacOSX10.15.sdk -weak_reference_mismatches non-weak -o cmTC_bb1c5 -L/opt/local/lib/gcc10/gcc/x86_64-apple-darwin19/10.2.0 -L/opt/local/lib/gcc10/gcc/x86_64-apple-darwin19/10.2.0/../../.. -search_paths_first -headerpad_max_install_names -v CMakeFiles/cmTC_bb1c5.dir/CMakeCCompilerABI.c.o -lSystem -lgcc_ext.10.5 -lgcc -lSystem -no_compact_unwind -v]
    arg [/opt/local/libexec/gcc/x86_64-apple-darwin19/10.2.0/collect2] ==> ignore
    arg [-dynamic] ==> ignore
    arg [-arch] ==> ignore
    arg [x86_64] ==> ignore
    arg [-macosx_version_min] ==> ignore
    arg [10.15.0] ==> ignore
    arg [-syslibroot] ==> ignore
    arg [/Library/Developer/CommandLineTools/SDKs/MacOSX10.15.sdk] ==> ignore
    arg [-weak_reference_mismatches] ==> ignore
    arg [non-weak] ==> ignore
    arg [-o] ==> ignore
    arg [cmTC_bb1c5] ==> ignore
    arg [-L/opt/local/lib/gcc10/gcc/x86_64-apple-darwin19/10.2.0] ==> dir [/opt/local/lib/gcc10/gcc/x86_64-apple-darwin19/10.2.0]
    arg [-L/opt/local/lib/gcc10/gcc/x86_64-apple-darwin19/10.2.0/../../..] ==> dir [/opt/local/lib/gcc10/gcc/x86_64-apple-darwin19/10.2.0/../../..]
    arg [-search_paths_first] ==> ignore
    arg [-headerpad_max_install_names] ==> ignore
    arg [-v] ==> ignore
    arg [CMakeFiles/cmTC_bb1c5.dir/CMakeCCompilerABI.c.o] ==> ignore
    arg [-lSystem] ==> lib [System]
    arg [-lgcc_ext.10.5] ==> lib [gcc_ext.10.5]
    arg [-lgcc] ==> lib [gcc]
    arg [-lSystem] ==> lib [System]
    arg [-no_compact_unwind] ==> ignore
    arg [-v] ==> ignore
  Library search paths: [;/opt/local/lib/gcc10/gcc/x86_64-apple-darwin19/10.2.0;/opt/local/lib/gcc10;/Library/Developer/CommandLineTools/SDKs/MacOSX10.15.sdk/usr/lib]
  Framework search paths: [;/Library/Developer/CommandLineTools/SDKs/MacOSX10.15.sdk/System/Library/Frameworks/]
  remove lib [System]
  remove lib [System]
  collapse library dir [/opt/local/lib/gcc10/gcc/x86_64-apple-darwin19/10.2.0] ==> [/opt/local/lib/gcc10/gcc/x86_64-apple-darwin19/10.2.0]
  collapse library dir [/opt/local/lib/gcc10/gcc/x86_64-apple-darwin19/10.2.0/../../..] ==> [/opt/local/lib/gcc10]
  collapse library dir [/opt/local/lib/gcc10/gcc/x86_64-apple-darwin19/10.2.0] ==> [/opt/local/lib/gcc10/gcc/x86_64-apple-darwin19/10.2.0]
  collapse library dir [/opt/local/lib/gcc10] ==> [/opt/local/lib/gcc10]
  collapse library dir [/Library/Developer/CommandLineTools/SDKs/MacOSX10.15.sdk/usr/lib] ==> [/Library/Developer/CommandLineTools/SDKs/MacOSX10.15.sdk/usr/lib]
  collapse framework dir [/Library/Developer/CommandLineTools/SDKs/MacOSX10.15.sdk/System/Library/Frameworks/] ==> [/Library/Developer/CommandLineTools/SDKs/MacOSX10.15.sdk/System/Library/Frameworks]
  implicit libs: [gcc_ext.10.5;gcc]
  implicit dirs: [/opt/local/lib/gcc10/gcc/x86_64-apple-darwin19/10.2.0;/opt/local/lib/gcc10;/Library/Developer/CommandLineTools/SDKs/MacOSX10.15.sdk/usr/lib]
  implicit fwks: [/Library/Developer/CommandLineTools/SDKs/MacOSX10.15.sdk/System/Library/Frameworks]


